[debug] [2019-08-08T18:59:37.880Z] ----------------------------------------------------------------------
[debug] [2019-08-08T18:59:37.882Z] Command:       /usr/local/bin/node /usr/local/bin/firebase init
[debug] [2019-08-08T18:59:37.882Z] CLI Version:   7.2.2
[debug] [2019-08-08T18:59:37.882Z] Platform:      darwin
[debug] [2019-08-08T18:59:37.882Z] Node Version:  v10.16.0
[debug] [2019-08-08T18:59:37.883Z] Time:          Thu Aug 08 2019 21:59:37 GMT+0300 (Eastern European Summer Time)
[debug] [2019-08-08T18:59:37.883Z] ----------------------------------------------------------------------
[debug] 
[debug] [2019-08-08T18:59:37.890Z] > command requires scopes: ["email","openid","https://www.googleapis.com/auth/cloudplatformprojects.readonly","https://www.googleapis.com/auth/firebase","https://www.googleapis.com/auth/cloud-platform"]
[debug] [2019-08-08T18:59:37.890Z] > authorizing via signed-in user
[info] 
     ######## #### ########  ######## ########     ###     ######  ########
     ##        ##  ##     ## ##       ##     ##  ##   ##  ##       ##
     ######    ##  ########  ######   ########  #########  ######  ######
     ##        ##  ##    ##  ##       ##     ## ##     ##       ## ##
     ##       #### ##     ## ######## ########  ##     ##  ######  ########

You're about to initialize a Firebase project in this directory:

  /Users/alex/repos/play

[debug] [2019-08-09T05:27:30.193Z] Error: read EIO
    at TTY.onStreamRead (internal/stream_base_commons.js:111:27)
